<?xml version="1.0" encoding="UTF-8"?>
<testng-results skipped="0" failed="0" ignored="0" total="2" passed="2">
  <reporter-output>
  </reporter-output>
  <suite name="Default suite" duration-ms="6580" started-at="2020-07-10T21:02:43 EDT" finished-at="2020-07-10T21:02:49 EDT">
    <groups>
    </groups>
    <test name="Default test" duration-ms="6580" started-at="2020-07-10T21:02:43 EDT" finished-at="2020-07-10T21:02:49 EDT">
      <class name="uiTests.LoginTests">
        <test-method status="PASS" signature="googleSearch()[pri:0, instance:uiTests.LoginTests@4f063c0a]" name="googleSearch" duration-ms="6426" started-at="2020-07-10T21:02:43 EDT" finished-at="2020-07-10T21:02:49 EDT">
          <reporter-output>
          </reporter-output>
        </test-method> <!-- googleSearch -->
        <test-method status="PASS" signature="testCase1()[pri:0, instance:uiTests.LoginTests@4f063c0a]" name="testCase1" duration-ms="101" started-at="2020-07-10T21:02:49 EDT" finished-at="2020-07-10T21:02:49 EDT">
          <reporter-output>
          </reporter-output>
        </test-method> <!-- testCase1 -->
      </class> <!-- uiTests.LoginTests -->
    </test> <!-- Default test -->
  </suite> <!-- Default suite -->
</testng-results>
